[INFO] Scanning for projects...
[INFO] 
[INFO] -----------------------------< aed:labo4 >------------------------------
[INFO] Building labo4 1.0-SNAPSHOT
[INFO] --------------------------------[ jar ]---------------------------------
[INFO] 
[INFO] --- jacoco-maven-plugin:0.8.10:prepare-agent (jacoco-initialize) @ labo4 ---
[INFO] argLine set to -javaagent:/home/sdandois/.m2/repository/org/jacoco/org.jacoco.agent/0.8.10/org.jacoco.agent-0.8.10-runtime.jar=destfile=/tmp/tmp8g2byecs/target/jacoco.exec
[INFO] 
[INFO] --- maven-resources-plugin:2.6:resources (default-resources) @ labo4 ---
[INFO] Using 'UTF-8' encoding to copy filtered resources.
[INFO] skip non existing resourceDirectory /tmp/tmp8g2byecs/src/main/resources
[INFO] 
[INFO] --- maven-compiler-plugin:3.1:compile (default-compile) @ labo4 ---
[INFO] Changes detected - recompiling the module!
[INFO] Compiling 3 source files to /tmp/tmp8g2byecs/target/classes
[WARNING] /tmp/tmp8g2byecs/src/main/java/aed/SistemaCNE.java: Some input files use unchecked or unsafe operations.
[WARNING] /tmp/tmp8g2byecs/src/main/java/aed/SistemaCNE.java: Recompile with -Xlint:unchecked for details.
[INFO] ------------------------------------------------------------------------
[INFO] BUILD SUCCESS
[INFO] ------------------------------------------------------------------------
[INFO] Total time:  3.380 s
[INFO] Finished at: 2023-11-11T16:34:03-03:00
[INFO] ------------------------------------------------------------------------
